#
# A fatal error has been detected by the Java Runtime Environment:
#
#  Internal Error (generateOopMap.cpp:2164), pid=8656, tid=960
#  fatal error: Illegal class file encountered. Try running with -Xverify:all in method main
#
# JRE version: Java(TM) SE Runtime Environment (16.0.2+7) (build 16.0.2+7-67)
# Java VM: Java HotSpot(TM) 64-Bit Server VM (16.0.2+7-67, mixed mode, sharing, tiered, compressed oops, compressed class ptrs, g1 gc, windows-amd64)
# No core dump will be written. Minidumps are not enabled by default on client versions of Windows
#
# If you would like to submit a bug report, please visit:
#   https://bugreport.java.com/bugreport/crash.jsp
#

---------------  S U M M A R Y ------------

Command Line: -XX:+ShowCodeDetailsInExceptionMessages -agentlib:jdwp=transport=dt_socket,suspend=y,address=localhost:51417 -javaagent:C:\Users\patil\eclipse\java-2021-062\eclipse\configuration\org.eclipse.osgi\222\0\.cp\lib\javaagent-shaded.jar -Dfile.encoding=Cp1252 PrimeBetTwo

Host: Intel(R) Core(TM) i3-3217U CPU @ 1.80GHz, 4 cores, 3G,  Windows 10 , 64 bit Build 19041 (10.0.19041.1151)
Time: Tue Sep 14 00:39:36 2021 India Standard Time elapsed time: 404.180482 seconds (0d 0h 6m 44s)

---------------  T H R E A D  ---------------

Current thread (0x000001be4b910bb0):  VMThread "VM Thread" [stack: 0x000000619b900000,0x000000619ba00000] [id=960]

Stack: [0x000000619b900000,0x000000619ba00000]
Native frames: (J=compiled Java code, j=interpreted, Vv=VM code, C=native code)
V  [jvm.dll+0x6681ca]
V  [jvm.dll+0x7c9e69]
V  [jvm.dll+0x7cb61e]
V  [jvm.dll+0x7cbc27]
V  [jvm.dll+0x2429b3]
V  [jvm.dll+0x330cf9]
V  [jvm.dll+0x330719]
V  [jvm.dll+0x32def9]
V  [jvm.dll+0x32f72e]
V  [jvm.dll+0x32cdaf]
V  [jvm.dll+0x32c037]
V  [jvm.dll+0x656cce]
V  [jvm.dll+0x6569d3]
V  [jvm.dll+0x61c1e8]
V  [jvm.dll+0x7c18f5]
V  [jvm.dll+0x520446]
V  [jvm.dll+0x7d00ab]
V  [jvm.dll+0x7d0da4]
V  [jvm.dll+0x7d12a9]
V  [jvm.dll+0x7d1564]
V  [jvm.dll+0x7d1630]
V  [jvm.dll+0x7795aa]
V  [jvm.dll+0x667066]
C  [ucrtbase.dll+0x21bb2]
C  [KERNEL32.DLL+0x17034]
C  [ntdll.dll+0x52651]

VM_Operation (0x000000619c4ff870): get/set locals, mode: safepoint, requested by thread 0x000001be4c4a3ce0


---------------  P R O C E S S  ---------------

Threads class SMR info:
_java_thread_list=0x000001be4c5fe260, length=15, elements={
0x000001be2e90a140, 0x000001be4b914710, 0x000001be4b916390, 0x000001be4b929d10,
0x000001be4b92a820, 0x000001be4b92d140, 0x000001be4b938f60, 0x000001be4b93ac60,
0x000001be4b93dc80, 0x000001be4b9425f0, 0x000001be4b9f3870, 0x000001be4c4a3ce0,
0x000001be4c54a380, 0x000001be4c55a8a0, 0x000001be4c605b60
}

Java Threads: ( => current thread )
  0x000001be2e90a140 JavaThread "main" [_thread_blocked, id=9812, stack(0x000000619b300000,0x000000619b400000)]
  0x000001be4b914710 JavaThread "Reference Handler" daemon [_thread_blocked, id=3452, stack(0x000000619ba00000,0x000000619bb00000)]
  0x000001be4b916390 JavaThread "Finalizer" daemon [_thread_blocked, id=2532, stack(0x000000619bb00000,0x000000619bc00000)]
  0x000001be4b929d10 JavaThread "Signal Dispatcher" daemon [_thread_blocked, id=4720, stack(0x000000619bc00000,0x000000619bd00000)]
  0x000001be4b92a820 JavaThread "Attach Listener" daemon [_thread_blocked, id=11436, stack(0x000000619bd00000,0x000000619be00000)]
  0x000001be4b92d140 JavaThread "Service Thread" daemon [_thread_blocked, id=5640, stack(0x000000619be00000,0x000000619bf00000)]
  0x000001be4b938f60 JavaThread "Monitor Deflation Thread" daemon [_thread_blocked, id=12964, stack(0x000000619bf00000,0x000000619c000000)]
  0x000001be4b93ac60 JavaThread "C2 CompilerThread0" daemon [_thread_blocked, id=7724, stack(0x000000619c000000,0x000000619c100000)]
  0x000001be4b93dc80 JavaThread "C1 CompilerThread0" daemon [_thread_blocked, id=7052, stack(0x000000619c100000,0x000000619c200000)]
  0x000001be4b9425f0 JavaThread "Sweeper thread" daemon [_thread_blocked, id=2180, stack(0x000000619c200000,0x000000619c300000)]
  0x000001be4b9f3870 JavaThread "Common-Cleaner" daemon [_thread_blocked, id=11916, stack(0x000000619c300000,0x000000619c400000)]
  0x000001be4c4a3ce0 JavaThread "JDWP Transport Listener: dt_socket" daemon [_thread_blocked, id=432, stack(0x000000619c400000,0x000000619c500000)] _threads_hazard_ptr=0x000001be4c5fe260
  0x000001be4c54a380 JavaThread "JDWP Event Helper Thread" daemon [_thread_blocked, id=6484, stack(0x000000619c500000,0x000000619c600000)]
  0x000001be4c55a8a0 JavaThread "JDWP Command Reader" daemon [_thread_in_native, id=11476, stack(0x000000619c600000,0x000000619c700000)]
  0x000001be4c605b60 JavaThread "Notification Thread" daemon [_thread_blocked, id=1264, stack(0x000000619c700000,0x000000619c800000)]

Other Threads:
=>0x000001be4b910bb0 VMThread "VM Thread" [stack: 0x000000619b900000,0x000000619ba00000] [id=960]
  0x000001be4c606220 WatcherThread [stack: 0x000000619c800000,0x000000619c900000] [id=10452]
  0x000001be2e9388e0 GCTaskThread "GC Thread#0" [stack: 0x000000619b400000,0x000000619b500000] [id=8392]
  0x000001be2e941d50 ConcurrentGCThread "G1 Main Marker" [stack: 0x000000619b500000,0x000000619b600000] [id=6124]
  0x000001be2e942750 ConcurrentGCThread "G1 Conc#0" [stack: 0x000000619b600000,0x000000619b700000] [id=11464]
  0x000001be2e996440 ConcurrentGCThread "G1 Refine#0" [stack: 0x000000619b700000,0x000000619b800000] [id=10980]
  0x000001be2e996e50 ConcurrentGCThread "G1 Service" [stack: 0x000000619b800000,0x000000619b900000] [id=10104]

Threads with active compile tasks:

VM state: at safepoint (normal execution)

VM Mutex/Monitor currently owned by a thread:  ([mutex/lock_event])
[0x000001be2e905170] Threads_lock - owner thread: 0x000001be4b910bb0

Heap address: 0x00000000c1c00000, size: 996 MB, Compressed Oops mode: 32-bit

CDS archive(s) mapped at: [0x0000000800000000-0x0000000800bb0000-0x0000000800bb0000), size 12255232, SharedBaseAddress: 0x0000000800000000, ArchiveRelocationMode: 0.
Compressed class space mapped at: 0x0000000800c00000-0x0000000840c00000, reserved size: 1073741824
Narrow klass base: 0x0000000800000000, Narrow klass shift: 3, Narrow klass range: 0x100000000

GC Precious Log:
 CPUs: 4 total, 4 available
 Memory: 3977M
 Large Page Support: Disabled
 NUMA Support: Disabled
 Compressed Oops: Enabled (32-bit)
 Heap Region Size: 1M
 Heap Min Capacity: 8M
 Heap Initial Capacity: 64M
 Heap Max Capacity: 996M
 Pre-touch: Disabled
 Parallel Workers: 4
 Concurrent Workers: 1
 Concurrent Refinement Workers: 4
 Periodic GC: Disabled

Heap:
 garbage-first heap   total 65536K, used 5120K [0x00000000c1c00000, 0x0000000100000000)
  region size 1024K, 6 young (6144K), 0 survivors (0K)
 Metaspace       used 2797K, committed 2944K, reserved 1056768K
  class space    used 245K, committed 320K, reserved 1048576K

Heap Regions: E=young(eden), S=young(survivor), O=old, HS=humongous(starts), HC=humongous(continues), CS=collection set, F=free, OA=open archive, CA=closed archive, TAMS=top-at-mark-start (previous, next)
|   0|0x00000000c1c00000, 0x00000000c1c00000, 0x00000000c1d00000|  0%| F|  |TAMS 0x00000000c1c00000, 0x00000000c1c00000| Untracked 
|   1|0x00000000c1d00000, 0x00000000c1d00000, 0x00000000c1e00000|  0%| F|  |TAMS 0x00000000c1d00000, 0x00000000c1d00000| Untracked 
|   2|0x00000000c1e00000, 0x00000000c1e00000, 0x00000000c1f00000|  0%| F|  |TAMS 0x00000000c1e00000, 0x00000000c1e00000| Untracked 
|   3|0x00000000c1f00000, 0x00000000c1f00000, 0x00000000c2000000|  0%| F|  |TAMS 0x00000000c1f00000, 0x00000000c1f00000| Untracked 
|   4|0x00000000c2000000, 0x00000000c2000000, 0x00000000c2100000|  0%| F|  |TAMS 0x00000000c2000000, 0x00000000c2000000| Untracked 
|   5|0x00000000c2100000, 0x00000000c2100000, 0x00000000c2200000|  0%| F|  |TAMS 0x00000000c2100000, 0x00000000c2100000| Untracked 
|   6|0x00000000c2200000, 0x00000000c2200000, 0x00000000c2300000|  0%| F|  |TAMS 0x00000000c2200000, 0x00000000c2200000| Untracked 
|   7|0x00000000c2300000, 0x00000000c2300000, 0x00000000c2400000|  0%| F|  |TAMS 0x00000000c2300000, 0x00000000c2300000| Untracked 
|   8|0x00000000c2400000, 0x00000000c2400000, 0x00000000c2500000|  0%| F|  |TAMS 0x00000000c2400000, 0x00000000c2400000| Untracked 
|   9|0x00000000c2500000, 0x00000000c2500000, 0x00000000c2600000|  0%| F|  |TAMS 0x00000000c2500000, 0x00000000c2500000| Untracked 
|  10|0x00000000c2600000, 0x00000000c2600000, 0x00000000c2700000|  0%| F|  |TAMS 0x00000000c2600000, 0x00000000c2600000| Untracked 
|  11|0x00000000c2700000, 0x00000000c2700000, 0x00000000c2800000|  0%| F|  |TAMS 0x00000000c2700000, 0x00000000c2700000| Untracked 
|  12|0x00000000c2800000, 0x00000000c2800000, 0x00000000c2900000|  0%| F|  |TAMS 0x00000000c2800000, 0x00000000c2800000| Untracked 
|  13|0x00000000c2900000, 0x00000000c2900000, 0x00000000c2a00000|  0%| F|  |TAMS 0x00000000c2900000, 0x00000000c2900000| Untracked 
|  14|0x00000000c2a00000, 0x00000000c2a00000, 0x00000000c2b00000|  0%| F|  |TAMS 0x00000000c2a00000, 0x00000000c2a00000| Untracked 
|  15|0x00000000c2b00000, 0x00000000c2b00000, 0x00000000c2c00000|  0%| F|  |TAMS 0x00000000c2b00000, 0x00000000c2b00000| Untracked 
|  16|0x00000000c2c00000, 0x00000000c2c00000, 0x00000000c2d00000|  0%| F|  |TAMS 0x00000000c2c00000, 0x00000000c2c00000| Untracked 
|  17|0x00000000c2d00000, 0x00000000c2d00000, 0x00000000c2e00000|  0%| F|  |TAMS 0x00000000c2d00000, 0x00000000c2d00000| Untracked 
|  18|0x00000000c2e00000, 0x00000000c2e00000, 0x00000000c2f00000|  0%| F|  |TAMS 0x00000000c2e00000, 0x00000000c2e00000| Untracked 
|  19|0x00000000c2f00000, 0x00000000c2f00000, 0x00000000c3000000|  0%| F|  |TAMS 0x00000000c2f00000, 0x00000000c2f00000| Untracked 
|  20|0x00000000c3000000, 0x00000000c3000000, 0x00000000c3100000|  0%| F|  |TAMS 0x00000000c3000000, 0x00000000c3000000| Untracked 
|  21|0x00000000c3100000, 0x00000000c3100000, 0x00000000c3200000|  0%| F|  |TAMS 0x00000000c3100000, 0x00000000c3100000| Untracked 
|  22|0x00000000c3200000, 0x00000000c3200000, 0x00000000c3300000|  0%| F|  |TAMS 0x00000000c3200000, 0x00000000c3200000| Untracked 
|  23|0x00000000c3300000, 0x00000000c3300000, 0x00000000c3400000|  0%| F|  |TAMS 0x00000000c3300000, 0x00000000c3300000| Untracked 
|  24|0x00000000c3400000, 0x00000000c3400000, 0x00000000c3500000|  0%| F|  |TAMS 0x00000000c3400000, 0x00000000c3400000| Untracked 
|  25|0x00000000c3500000, 0x00000000c3500000, 0x00000000c3600000|  0%| F|  |TAMS 0x00000000c3500000, 0x00000000c3500000| Untracked 
|  26|0x00000000c3600000, 0x00000000c3600000, 0x00000000c3700000|  0%| F|  |TAMS 0x00000000c3600000, 0x00000000c3600000| Untracked 
|  27|0x00000000c3700000, 0x00000000c3700000, 0x00000000c3800000|  0%| F|  |TAMS 0x00000000c3700000, 0x00000000c3700000| Untracked 
|  28|0x00000000c3800000, 0x00000000c3800000, 0x00000000c3900000|  0%| F|  |TAMS 0x00000000c3800000, 0x00000000c3800000| Untracked 
|  29|0x00000000c3900000, 0x00000000c3900000, 0x00000000c3a00000|  0%| F|  |TAMS 0x00000000c3900000, 0x00000000c3900000| Untracked 
|  30|0x00000000c3a00000, 0x00000000c3a00000, 0x00000000c3b00000|  0%| F|  |TAMS 0x00000000c3a00000, 0x00000000c3a00000| Untracked 
|  31|0x00000000c3b00000, 0x00000000c3b00000, 0x00000000c3c00000|  0%| F|  |TAMS 0x00000000c3b00000, 0x00000000c3b00000| Untracked 
|  32|0x00000000c3c00000, 0x00000000c3c00000, 0x00000000c3d00000|  0%| F|  |TAMS 0x00000000c3c00000, 0x00000000c3c00000| Untracked 
|  33|0x00000000c3d00000, 0x00000000c3d00000, 0x00000000c3e00000|  0%| F|  |TAMS 0x00000000c3d00000, 0x00000000c3d00000| Untracked 
|  34|0x00000000c3e00000, 0x00000000c3e00000, 0x00000000c3f00000|  0%| F|  |TAMS 0x00000000c3e00000, 0x00000000c3e00000| Untracked 
|  35|0x00000000c3f00000, 0x00000000c3f00000, 0x00000000c4000000|  0%| F|  |TAMS 0x00000000c3f00000, 0x00000000c3f00000| Untracked 
|  36|0x00000000c4000000, 0x00000000c4000000, 0x00000000c4100000|  0%| F|  |TAMS 0x00000000c4000000, 0x00000000c4000000| Untracked 
|  37|0x00000000c4100000, 0x00000000c4100000, 0x00000000c4200000|  0%| F|  |TAMS 0x00000000c4100000, 0x00000000c4100000| Untracked 
|  38|0x00000000c4200000, 0x00000000c4200000, 0x00000000c4300000|  0%| F|  |TAMS 0x00000000c4200000, 0x00000000c4200000| Untracked 
|  39|0x00000000c4300000, 0x00000000c4300000, 0x00000000c4400000|  0%| F|  |TAMS 0x00000000c4300000, 0x00000000c4300000| Untracked 
|  40|0x00000000c4400000, 0x00000000c4400000, 0x00000000c4500000|  0%| F|  |TAMS 0x00000000c4400000, 0x00000000c4400000| Untracked 
|  41|0x00000000c4500000, 0x00000000c4500000, 0x00000000c4600000|  0%| F|  |TAMS 0x00000000c4500000, 0x00000000c4500000| Untracked 
|  42|0x00000000c4600000, 0x00000000c4600000, 0x00000000c4700000|  0%| F|  |TAMS 0x00000000c4600000, 0x00000000c4600000| Untracked 
|  43|0x00000000c4700000, 0x00000000c4700000, 0x00000000c4800000|  0%| F|  |TAMS 0x00000000c4700000, 0x00000000c4700000| Untracked 
|  44|0x00000000c4800000, 0x00000000c4800000, 0x00000000c4900000|  0%| F|  |TAMS 0x00000000c4800000, 0x00000000c4800000| Untracked 
|  45|0x00000000c4900000, 0x00000000c4900000, 0x00000000c4a00000|  0%| F|  |TAMS 0x00000000c4900000, 0x00000000c4900000| Untracked 
|  46|0x00000000c4a00000, 0x00000000c4a00000, 0x00000000c4b00000|  0%| F|  |TAMS 0x00000000c4a00000, 0x00000000c4a00000| Untracked 
|  47|0x00000000c4b00000, 0x00000000c4b00000, 0x00000000c4c00000|  0%| F|  |TAMS 0x00000000c4b00000, 0x00000000c4b00000| Untracked 
|  48|0x00000000c4c00000, 0x00000000c4c00000, 0x00000000c4d00000|  0%| F|  |TAMS 0x00000000c4c00000, 0x00000000c4c00000| Untracked 
|  49|0x00000000c4d00000, 0x00000000c4d00000, 0x00000000c4e00000|  0%| F|  |TAMS 0x00000000c4d00000, 0x00000000c4d00000| Untracked 
|  50|0x00000000c4e00000, 0x00000000c4e00000, 0x00000000c4f00000|  0%| F|  |TAMS 0x00000000c4e00000, 0x00000000c4e00000| Untracked 
|  51|0x00000000c4f00000, 0x00000000c4f00000, 0x00000000c5000000|  0%| F|  |TAMS 0x00000000c4f00000, 0x00000000c4f00000| Untracked 
|  52|0x00000000c5000000, 0x00000000c5000000, 0x00000000c5100000|  0%| F|  |TAMS 0x00000000c5000000, 0x00000000c5000000| Untracked 
|  53|0x00000000c5100000, 0x00000000c5100000, 0x00000000c5200000|  0%| F|  |TAMS 0x00000000c5100000, 0x00000000c5100000| Untracked 
|  54|0x00000000c5200000, 0x00000000c5200000, 0x00000000c5300000|  0%| F|  |TAMS 0x00000000c5200000, 0x00000000c5200000| Untracked 
|  55|0x00000000c5300000, 0x00000000c5300000, 0x00000000c5400000|  0%| F|  |TAMS 0x00000000c5300000, 0x00000000c5300000| Untracked 
|  56|0x00000000c5400000, 0x00000000c5400000, 0x00000000c5500000|  0%| F|  |TAMS 0x00000000c5400000, 0x00000000c5400000| Untracked 
|  57|0x00000000c5500000, 0x00000000c5500000, 0x00000000c5600000|  0%| F|  |TAMS 0x00000000c5500000, 0x00000000c5500000| Untracked 
|  58|0x00000000c5600000, 0x00000000c56cbb60, 0x00000000c5700000| 79%| E|  |TAMS 0x00000000c5600000, 0x00000000c5600000| Complete 
|  59|0x00000000c5700000, 0x00000000c5800000, 0x00000000c5800000|100%| E|CS|TAMS 0x00000000c5700000, 0x00000000c5700000| Complete 
|  60|0x00000000c5800000, 0x00000000c5900000, 0x00000000c5900000|100%| E|CS|TAMS 0x00000000c5800000, 0x00000000c5800000| Complete 
|  61|0x00000000c5900000, 0x00000000c5a00000, 0x00000000c5a00000|100%| E|CS|TAMS 0x00000000c5900000, 0x00000000c5900000| Complete 
|  62|0x00000000c5a00000, 0x00000000c5b00000, 0x00000000c5b00000|100%| E|CS|TAMS 0x00000000c5a00000, 0x00000000c5a00000| Complete 
|  63|0x00000000c5b00000, 0x00000000c5c00000, 0x00000000c5c00000|100%| E|CS|TAMS 0x00000000c5b00000, 0x00000000c5b00000| Complete 

Card table byte_map: [0x000001be47090000,0x000001be47290000] _byte_map_base: 0x000001be46a82000

Marking Bits (Prev, Next): (CMBitMap*) 0x000001be2e938ee0, (CMBitMap*) 0x000001be2e938f20
 Prev Bits: [0x000001be47490000, 0x000001be48420000)
 Next Bits: [0x000001be48420000, 0x000001be493b0000)

Polling page: 0x000001be2e9f0000

Metaspace:

Usage:
  Non-class:      2.49 MB used.
      Class:    245.46 KB used.
       Both:      2.73 MB used.

Virtual space:
  Non-class space:        8.00 MB reserved,       2.56 MB ( 32%) committed,  1 nodes.
      Class space:        1.00 GB reserved,     320.00 KB ( <1%) committed,  1 nodes.
              Both:        1.01 GB reserved,       2.88 MB ( <1%) committed. 

Chunk freelists:
   Non-Class:  3.74 MB
       Class:  3.72 MB
        Both:  7.46 MB

MaxMetaspaceSize: 17179869184.00 GB
CompressedClassSpaceSize: 1.00 GB
 - commit_granule_bytes: 65536.
 - commit_granule_words: 8192.
 - virtual_space_node_default_size: 1048576.
 - enlarge_chunks_in_place: 1.
 - new_chunks_are_fully_committed: 0.
 - uncommit_free_chunks: 1.
 - use_allocation_guard: 0.
 - handle_deallocations: 1.


Internal statistics:

num_allocs_failed_limit: 0.
num_arena_births: 12.
num_arena_deaths: 0.
num_vsnodes_births: 2.
num_vsnodes_deaths: 0.
num_space_committed: 46.
num_space_uncommitted: 0.
num_chunks_returned_to_freelist: 0.
num_chunks_taken_from_freelist: 36.
num_chunk_merges: 0.
num_chunk_splits: 18.
num_chunks_enlarged: 10.
num_purges: 0.

CodeHeap 'non-profiled nmethods': size=120000Kb used=144Kb max_used=144Kb free=119855Kb
 bounds [0x000001be3f340000, 0x000001be3f5b0000, 0x000001be46870000]
CodeHeap 'profiled nmethods': size=120000Kb used=627Kb max_used=627Kb free=119372Kb
 bounds [0x000001be37e10000, 0x000001be38080000, 0x000001be3f340000]
CodeHeap 'non-nmethods': size=5760Kb used=1220Kb max_used=1234Kb free=4539Kb
 bounds [0x000001be37870000, 0x000001be37ae0000, 0x000001be37e10000]
 total_blobs=884 nmethods=452 adapters=345
 compilation: enabled
              stopped_count=0, restarted_count=0
 full_count=0

Compilation events (20 events):
Event: 0.749 Thread 0x000001be4b93dc80  445       3       java.util.regex.Pattern::peek (26 bytes)
Event: 0.749 Thread 0x000001be4b93dc80 nmethod 445 0x000001be37eab790 code [0x000001be37eab940, 0x000001be37eabbc8]
Event: 0.749 Thread 0x000001be4b93dc80  444       3       java.util.regex.ASCII::isAscii (13 bytes)
Event: 0.750 Thread 0x000001be4b93dc80 nmethod 444 0x000001be37eabd10 code [0x000001be37eabea0, 0x000001be37eabff8]
Event: 0.750 Thread 0x000001be4b93dc80  446       3       java.util.regex.Pattern::next (33 bytes)
Event: 0.750 Thread 0x000001be4b93dc80 nmethod 446 0x000001be37eac090 code [0x000001be37eac240, 0x000001be37eac4c8]
Event: 0.750 Thread 0x000001be4b93dc80  447       3       java.util.regex.ASCII::toLower (16 bytes)
Event: 0.750 Thread 0x000001be4b93dc80 nmethod 447 0x000001be37eac610 code [0x000001be37eac7c0, 0x000001be37eac9b8]
Event: 4.079 Thread 0x000001be4b93dc80  448       3       java.lang.Character::isWhitespace (9 bytes)
Event: 4.080 Thread 0x000001be4b93dc80 nmethod 448 0x000001be37eaca90 code [0x000001be37eacc40, 0x000001be37eace38]
Event: 4.080 Thread 0x000001be4b93dc80  449       1       java.nio.Buffer::position (5 bytes)
Event: 4.080 Thread 0x000001be4b93dc80 nmethod 449 0x000001be3f363410 code [0x000001be3f3635a0, 0x000001be3f363678]
Event: 82.019 Thread 0x000001be4b93dc80  450       1       sun.instrument.TransformerManager::getSnapshotTransformerList (5 bytes)
Event: 82.020 Thread 0x000001be4b93dc80 nmethod 450 0x000001be3f363710 code [0x000001be3f3638a0, 0x000001be3f363978]
Event: 114.264 Thread 0x000001be4b93dc80  451       1       sun.instrument.TransformerManager$TransformerInfo::transformer (5 bytes)
Event: 114.264 Thread 0x000001be4b93dc80 nmethod 451 0x000001be3f363a10 code [0x000001be3f363ba0, 0x000001be3f363c78]
Event: 114.265 Thread 0x000001be4b93ac60  452       4       org.eclipse.jdt.launching.internal.org.objectweb.asm.ClassReader::readUnsignedShort (26 bytes)
Event: 114.268 Thread 0x000001be4b93ac60 nmethod 452 0x000001be3f363d10 code [0x000001be3f363ea0, 0x000001be3f363fb8]
Event: 362.168 Thread 0x000001be4b93ac60  453       4       java.lang.AbstractStringBuilder::ensureCapacityInternal (39 bytes)
Event: 362.180 Thread 0x000001be4b93ac60 


GC Heap History (0 events):
No events

Deoptimization events (20 events):
Event: 0.676 Thread 0x000001be2e90a140 DEOPT PACKING pc=0x000001be37e80cf0 sp=0x000000619b3f7fa0
Event: 0.676 Thread 0x000001be2e90a140 DEOPT UNPACKING pc=0x000001be378bdece sp=0x000000619b3f7408 mode 0
Event: 0.676 Thread 0x000001be2e90a140 DEOPT PACKING pc=0x000001be37e80cf0 sp=0x000000619b3f7fa0
Event: 0.676 Thread 0x000001be2e90a140 DEOPT UNPACKING pc=0x000001be378bdece sp=0x000000619b3f7408 mode 0
Event: 0.676 Thread 0x000001be2e90a140 DEOPT PACKING pc=0x000001be37e80cf0 sp=0x000000619b3f7fa0
Event: 0.677 Thread 0x000001be2e90a140 DEOPT UNPACKING pc=0x000001be378bdece sp=0x000000619b3f7408 mode 0
Event: 0.678 Thread 0x000001be2e90a140 DEOPT PACKING pc=0x000001be37e80cf0 sp=0x000000619b3f7fa0
Event: 0.678 Thread 0x000001be2e90a140 DEOPT UNPACKING pc=0x000001be378bdece sp=0x000000619b3f7408 mode 0
Event: 0.732 Thread 0x000001be2e90a140 Uncommon trap: trap_request=0xffffff45 fr.pc=0x000001be3f348a70 relative=0x00000000000001d0
Event: 0.732 Thread 0x000001be2e90a140 Uncommon trap: reason=unstable_if action=reinterpret pc=0x000001be3f348a70 method=java.lang.String.isLatin1()Z @ 10 c2
Event: 0.732 Thread 0x000001be2e90a140 DEOPT PACKING pc=0x000001be3f348a70 sp=0x000000619b3fcdd0
Event: 0.732 Thread 0x000001be2e90a140 DEOPT UNPACKING pc=0x000001be378bd72e sp=0x000000619b3fcd00 mode 2
Event: 0.732 Thread 0x000001be2e90a140 Uncommon trap: trap_request=0xffffff45 fr.pc=0x000001be3f350080 relative=0x0000000000000060
Event: 0.732 Thread 0x000001be2e90a140 Uncommon trap: reason=unstable_if action=reinterpret pc=0x000001be3f350080 method=java.lang.String.isLatin1()Z @ 10 c2
Event: 0.732 Thread 0x000001be2e90a140 DEOPT PACKING pc=0x000001be3f350080 sp=0x000000619b3fcd50
Event: 0.732 Thread 0x000001be2e90a140 DEOPT UNPACKING pc=0x000001be378bd72e sp=0x000000619b3fccf0 mode 2
Event: 0.739 Thread 0x000001be2e90a140 Uncommon trap: trap_request=0xffffff45 fr.pc=0x000001be3f3526e8 relative=0x0000000000000048
Event: 0.739 Thread 0x000001be2e90a140 Uncommon trap: reason=unstable_if action=reinterpret pc=0x000001be3f3526e8 method=java.lang.CharacterData.of(I)Ljava/lang/CharacterData; @ 4 c2
Event: 0.739 Thread 0x000001be2e90a140 DEOPT PACKING pc=0x000001be3f3526e8 sp=0x000000619b3feba0
Event: 0.739 Thread 0x000001be2e90a140 DEOPT UNPACKING pc=0x000001be378bd72e sp=0x000000619b3feb40 mode 2

Classes unloaded (0 events):
No events

Classes redefined (6 events):
Event: 82.021 Thread 0x000001be4b910bb0 redefined class name=PrimeBetTwo, count=1
Event: 114.270 Thread 0x000001be4b910bb0 redefined class name=PrimeBetTwo, count=2
Event: 183.185 Thread 0x000001be4b910bb0 redefined class name=PrimeBetTwo, count=3
Event: 239.144 Thread 0x000001be4b910bb0 redefined class name=PrimeBetTwo, count=4
Event: 267.708 Thread 0x000001be4b910bb0 redefined class name=PrimeBetTwo, count=5
Event: 362.170 Thread 0x000001be4b910bb0 redefined class name=PrimeBetTwo, count=6

Internal exceptions (1 events):
Event: 0.593 Thread 0x000001be2e90a140 Exception <a 'java/lang/NoSuchMethodError'{0x00000000c58a7868}: 'java.lang.Object java.lang.invoke.DirectMethodHandle$Holder.invokeStatic(java.lang.Object)'> (0x00000000c58a7868) 
thrown [t:\workspace\open\src\hotspot\share\interpreter\linkResolver.cpp, line 790]

Events (20 events):
Event: 183.205 Executing  VM operation: ChangeBreakpoints done
Event: 239.143 Executing  VM operation: RedefineClasses
Event: 239.147 Executing  VM operation: RedefineClasses done
Event: 239.154 Executing  VM operation: ChangeBreakpoints
Event: 239.155 Executing  VM operation: ChangeBreakpoints done
Event: 239.162 Executing  VM operation: ChangeBreakpoints
Event: 239.162 Executing  VM operation: ChangeBreakpoints done
Event: 267.707 Executing  VM operation: RedefineClasses
Event: 267.711 Executing  VM operation: RedefineClasses done
Event: 267.719 Executing  VM operation: ChangeBreakpoints
Event: 267.719 Executing  VM operation: ChangeBreakpoints done
Event: 267.728 Executing  VM operation: ChangeBreakpoints
Event: 267.728 Executing  VM operation: ChangeBreakpoints done
Event: 362.168 Executing  VM operation: RedefineClasses
Event: 362.173 Executing  VM operation: RedefineClasses done
Event: 362.181 Executing  VM operation: ChangeBreakpoints
Event: 362.182 Executing  VM operation: ChangeBreakpoints done
Event: 362.189 Executing  VM operation: ChangeBreakpoints
Event: 362.189 Executing  VM operation: ChangeBreakpoints done
Event: 404.119 Executing  VM operation: get/set locals


Dynamic libraries:
0x00007ff640ac0000 - 0x00007ff640ad0000 	C:\Program Files\Java\jdk-16.0.2\bin\javaw.exe
0x00007ff9b7370000 - 0x00007ff9b7565000 	C:\WINDOWS\SYSTEM32\ntdll.dll
0x00007ff9b5410000 - 0x00007ff9b54cd000 	C:\WINDOWS\System32\KERNEL32.DLL
0x00007ff9b5100000 - 0x00007ff9b53c9000 	C:\WINDOWS\System32\KERNELBASE.dll
0x00007ff9b4d10000 - 0x00007ff9b4e10000 	C:\WINDOWS\System32\ucrtbase.dll
0x00007ff9a84a0000 - 0x00007ff9a84b9000 	C:\Program Files\Java\jdk-16.0.2\bin\VCRUNTIME140.dll
0x00007ff9a6d10000 - 0x00007ff9a6d28000 	C:\Program Files\Java\jdk-16.0.2\bin\jli.dll
0x00007ff9b6e50000 - 0x00007ff9b6efc000 	C:\WINDOWS\System32\ADVAPI32.dll
0x00007ff9b7160000 - 0x00007ff9b71fe000 	C:\WINDOWS\System32\msvcrt.dll
0x00007ff9b7290000 - 0x00007ff9b732b000 	C:\WINDOWS\System32\sechost.dll
0x00007ff9b5780000 - 0x00007ff9b58aa000 	C:\WINDOWS\System32\RPCRT4.dll
0x00007ff9b5b90000 - 0x00007ff9b5d30000 	C:\WINDOWS\System32\USER32.dll
0x00007ff9b4b30000 - 0x00007ff9b4b52000 	C:\WINDOWS\System32\win32u.dll
0x00007ff9b5e40000 - 0x00007ff9b5e6a000 	C:\WINDOWS\System32\GDI32.dll
0x00007ff9b4ea0000 - 0x00007ff9b4fab000 	C:\WINDOWS\System32\gdi32full.dll
0x00007ff9b4fb0000 - 0x00007ff9b504d000 	C:\WINDOWS\System32\msvcp_win.dll
0x00007ff9a6f00000 - 0x00007ff9a719a000 	C:\WINDOWS\WinSxS\amd64_microsoft.windows.common-controls_6595b64144ccf1df_6.0.19041.1110_none_60b5254171f9507e\COMCTL32.dll
0x00007ff9aa8b0000 - 0x00007ff9aa8ba000 	C:\WINDOWS\SYSTEM32\VERSION.dll
0x00007ff9b7010000 - 0x00007ff9b7040000 	C:\WINDOWS\System32\IMM32.DLL
0x00007ff9af3d0000 - 0x00007ff9af3dc000 	C:\Program Files\Java\jdk-16.0.2\bin\vcruntime140_1.dll
0x00007ff9a6be0000 - 0x00007ff9a6c71000 	C:\Program Files\Java\jdk-16.0.2\bin\msvcp140.dll
0x00007ff979c40000 - 0x00007ff97a7eb000 	C:\Program Files\Java\jdk-16.0.2\bin\server\jvm.dll
0x00007ff9b53d0000 - 0x00007ff9b53d8000 	C:\WINDOWS\System32\PSAPI.DLL
0x00007ff9ae0b0000 - 0x00007ff9ae0b9000 	C:\WINDOWS\SYSTEM32\WSOCK32.dll
0x00007ff9b55a0000 - 0x00007ff9b560b000 	C:\WINDOWS\System32\WS2_32.dll
0x00007ff9a7df0000 - 0x00007ff9a7e17000 	C:\WINDOWS\SYSTEM32\WINMM.dll
0x00007ff9b27c0000 - 0x00007ff9b27d2000 	C:\WINDOWS\SYSTEM32\kernel.appcore.dll
0x00007ff9acc40000 - 0x00007ff9acc4a000 	C:\Program Files\Java\jdk-16.0.2\bin\jimage.dll
0x00007ff9a7460000 - 0x00007ff9a7644000 	C:\WINDOWS\SYSTEM32\DBGHELP.DLL
0x00007ff9a7fa0000 - 0x00007ff9a7fcc000 	C:\WINDOWS\SYSTEM32\dbgcore.DLL
0x00007ff9b4e10000 - 0x00007ff9b4e93000 	C:\WINDOWS\System32\bcryptPrimitives.dll
0x00007ff993710000 - 0x00007ff99374b000 	C:\Program Files\Java\jdk-16.0.2\bin\jdwp.dll
0x00007ff9b09b0000 - 0x00007ff9b09be000 	C:\Program Files\Java\jdk-16.0.2\bin\instrument.dll
0x00007ff9a6ce0000 - 0x00007ff9a6d05000 	C:\Program Files\Java\jdk-16.0.2\bin\java.dll
0x00007ff9b5e70000 - 0x00007ff9b65af000 	C:\WINDOWS\System32\SHELL32.dll
0x00007ff9b2bb0000 - 0x00007ff9b3340000 	C:\WINDOWS\SYSTEM32\windows.storage.dll
0x00007ff9b6a90000 - 0x00007ff9b6de5000 	C:\WINDOWS\System32\combase.dll
0x00007ff9b4430000 - 0x00007ff9b445c000 	C:\WINDOWS\SYSTEM32\Wldp.dll
0x00007ff9b6f00000 - 0x00007ff9b6fae000 	C:\WINDOWS\System32\SHCORE.dll
0x00007ff9b6a30000 - 0x00007ff9b6a85000 	C:\WINDOWS\System32\shlwapi.dll
0x00007ff9b49e0000 - 0x00007ff9b49ff000 	C:\WINDOWS\SYSTEM32\profapi.dll
0x00007ff9b0990000 - 0x00007ff9b099c000 	C:\Program Files\Java\jdk-16.0.2\bin\dt_socket.dll
0x00007ff9b3e80000 - 0x00007ff9b3ebb000 	C:\WINDOWS\SYSTEM32\IPHLPAPI.DLL
0x00007ff9b4190000 - 0x00007ff9b41fa000 	C:\WINDOWS\system32\mswsock.dll
0x00007ff9b3ec0000 - 0x00007ff9b3f8c000 	C:\WINDOWS\SYSTEM32\DNSAPI.dll
0x00007ff9b53e0000 - 0x00007ff9b53e8000 	C:\WINDOWS\System32\NSI.dll
0x00007ff9aba30000 - 0x00007ff9aba3a000 	C:\Windows\System32\rasadhlp.dll
0x00007ff9abd50000 - 0x00007ff9abdcf000 	C:\WINDOWS\System32\fwpuclnt.dll
0x00007ff9b4aa0000 - 0x00007ff9b4ac7000 	C:\WINDOWS\System32\bcrypt.dll
0x00007ff9a6ad0000 - 0x00007ff9a6ae8000 	C:\Program Files\Java\jdk-16.0.2\bin\zip.dll
0x00007ff9a6cc0000 - 0x00007ff9a6cd9000 	C:\Program Files\Java\jdk-16.0.2\bin\net.dll
0x00007ff9abde0000 - 0x00007ff9abee8000 	C:\WINDOWS\SYSTEM32\WINHTTP.dll
0x00007ff9a6bc0000 - 0x00007ff9a6bd3000 	C:\Program Files\Java\jdk-16.0.2\bin\nio.dll
0x00007ff9ac1e0000 - 0x00007ff9ac1f0000 	C:\Program Files\Java\jdk-16.0.2\bin\verify.dll

dbghelp: loaded successfully - version: 4.0.5 - missing functions: none
symbol engine: initialized successfully - sym options: 0x614 - pdb path: .;C:\Program Files\Java\jdk-16.0.2\bin;C:\WINDOWS\SYSTEM32;C:\WINDOWS\WinSxS\amd64_microsoft.windows.common-controls_6595b64144ccf1df_6.0.19041.1110_none_60b5254171f9507e;C:\Program Files\Java\jdk-16.0.2\bin\server

VM Arguments:
jvm_args: -XX:+ShowCodeDetailsInExceptionMessages -agentlib:jdwp=transport=dt_socket,suspend=y,address=localhost:51417 -javaagent:C:\Users\patil\eclipse\java-2021-062\eclipse\configuration\org.eclipse.osgi\222\0\.cp\lib\javaagent-shaded.jar -Dfile.encoding=Cp1252 
java_command: PrimeBetTwo
java_class_path (initial): C:\Users\patil\eclipse-workspace\PracticeTechnoElevate\bin
Launcher Type: SUN_STANDARD

[Global flags]
     intx CICompilerCount                          = 3                                         {product} {ergonomic}
     uint ConcGCThreads                            = 1                                         {product} {ergonomic}
     uint G1ConcRefinementThreads                  = 4                                         {product} {ergonomic}
   size_t G1HeapRegionSize                         = 1048576                                   {product} {ergonomic}
    uintx GCDrainStackTargetSize                   = 64                                        {product} {ergonomic}
   size_t InitialHeapSize                          = 67108864                                  {product} {ergonomic}
   size_t MarkStackSize                            = 4194304                                   {product} {ergonomic}
   size_t MaxHeapSize                              = 1044381696                                {product} {ergonomic}
   size_t MaxNewSize                               = 625999872                                 {product} {ergonomic}
   size_t MinHeapDeltaBytes                        = 1048576                                   {product} {ergonomic}
   size_t MinHeapSize                              = 8388608                                   {product} {ergonomic}
    uintx NonNMethodCodeHeapSize                   = 5832780                                {pd product} {ergonomic}
    uintx NonProfiledCodeHeapSize                  = 122912730                              {pd product} {ergonomic}
    uintx ProfiledCodeHeapSize                     = 122912730                              {pd product} {ergonomic}
    uintx ReservedCodeCacheSize                    = 251658240                              {pd product} {ergonomic}
     bool SegmentedCodeCache                       = true                                      {product} {ergonomic}
     bool ShowCodeDetailsInExceptionMessages       = true                                   {manageable} {command line}
   size_t SoftMaxHeapSize                          = 1044381696                             {manageable} {ergonomic}
     bool UseCompressedClassPointers               = true                           {product lp64_product} {ergonomic}
     bool UseCompressedOops                        = true                           {product lp64_product} {ergonomic}
     bool UseG1GC                                  = true                                      {product} {ergonomic}
     bool UseLargePagesIndividualAllocation        = false                                  {pd product} {ergonomic}

Logging:
Log output configuration:
 #0: stdout all=warning uptime,level,tags
 #1: stderr all=off uptime,level,tags

Environment Variables:
PATH=C:\Program Files\Common Files\Oracle\Java\javapath;C:\WINDOWS\system32;C:\WINDOWS;C:\WINDOWS\System32\Wbem;C:\WINDOWS\System32\WindowsPowerShell\v1.0\;C:\WINDOWS\System32\OpenSSH\;C:\Program Files\Java\jdk-16.0.2\bin;C:\Users\patil\AppData\Local\Microsoft\WindowsApps;
USERNAME=patil
OS=Windows_NT
PROCESSOR_IDENTIFIER=Intel64 Family 6 Model 58 Stepping 9, GenuineIntel



---------------  S Y S T E M  ---------------

OS:
 Windows 10 , 64 bit Build 19041 (10.0.19041.1151)
OS uptime: 4 days 5:19 hours

CPU: total 4 (initial active 4) (2 cores per cpu, 2 threads per core) family 6 model 58 stepping 9 microcode 0x21, cx8, cmov, fxsr, ht, mmx, sse, sse2, sse3, ssse3, sse4.1, sse4.2, popcnt, tsc, tscinvbit, avx, erms, clmul, vzeroupper, clflush

Memory: 4k page, system-wide physical 3977M (439M free)
TotalPageFile size 7095M (AvailPageFile size 1284M)
current process WorkingSet (physical memory assigned to process): 42M, peak: 43M
current process commit charge ("private bytes"): 137M, peak: 139M

vm_info: Java HotSpot(TM) 64-Bit Server VM (16.0.2+7-67) for windows-amd64 JRE (16.0.2+7-67), built on Jun  8 2021 23:24:19 by "mach5one" with MS VC++ 16.7 (VS2019)

END.
